<?xml version="1.0" encoding="UTF-8"?>
<robot generator="Robot 6.0.1 (Python 3.11.0 on win32)" generated="20221125 15:06:56.136" rpa="false" schemaversion="3">
<suite id="s1" name="LoginKeywords" source="C:\Users\vijayalakshmi.jogu\PycharmProjects\swaglabs\Resources\LoginKeywords.robot">
<test id="s1-t1" name="Open the website" line="9">
<kw name="Open Browser" library="SeleniumLibrary">
<arg>${URL}</arg>
<doc>Opens a new browser instance to the optional ``url``.</doc>
<msg timestamp="20221125 15:06:57.579" level="INFO">Opening browser 'firefox' to base url 'https://www.saucedemo.com/'.</msg>
<msg timestamp="20221125 15:06:57.588" level="INFO">Firefox driver log is always forced to to: C:\Users\vijayalakshmi.jogu\PycharmProjects\swaglabs\Resources\geckodriver-1.log</msg>
<msg timestamp="20221125 15:07:00.003" level="INFO">Cannot capture screenshot because no browser is open.</msg>
<msg timestamp="20221125 15:07:00.003" level="FAIL">WebDriverException: Message: 'geckodriver' executable needs to be in PATH. 
</msg>
<status status="FAIL" starttime="20221125 15:06:57.579" endtime="20221125 15:07:00.049"/>
</kw>
<status status="FAIL" starttime="20221125 15:06:57.578" endtime="20221125 15:07:00.050">WebDriverException: Message: 'geckodriver' executable needs to be in PATH. 
</status>
</test>
<status status="FAIL" starttime="20221125 15:06:56.138" endtime="20221125 15:07:00.054"/>
</suite>
<statistics>
<total>
<stat pass="0" fail="1" skip="0">All Tests</stat>
</total>
<tag>
</tag>
<suite>
<stat pass="0" fail="1" skip="0" id="s1" name="LoginKeywords">LoginKeywords</stat>
</suite>
</statistics>
<errors>
</errors>
</robot>
